==4609== Memcheck, a memory error detector
==4609== Copyright (C) 2002-2017, and GNU GPL'd, by Julian Seward et al.
==4609== Using Valgrind-3.13.0 and LibVEX; rerun with -h for copyright info
==4609== Command: ./yshell
==4609== 
yshell: Bad: no such function
==4609== 
==4609== HEAP SUMMARY:
==4609==     in use at exit: 1,749 bytes in 45 blocks
==4609==   total heap usage: 289 allocs, 244 frees, 10,016 bytes allocated
==4609== 
==4609== 1,749 (72 direct, 1,677 indirect) bytes in 1 blocks are definitely lost in loss record 17 of 17
==4609==    at 0x4C2A1E3: operator new(unsigned long) (vg_replace_malloc.c:334)
==4609==    by 0x4152DD: __gnu_cxx::new_allocator<std::_Sp_counted_ptr_inplace<inode, std::allocator<inode>, (__gnu_cxx::_Lock_policy)2> >::allocate(unsigned long, void const*) (new_allocator.h:111)
==4609==    by 0x414DDC: std::allocator_traits<std::allocator<std::_Sp_counted_ptr_inplace<inode, std::allocator<inode>, (__gnu_cxx::_Lock_policy)2> > >::allocate(std::allocator<std::_Sp_counted_ptr_inplace<inode, std::allocator<inode>, (__gnu_cxx::_Lock_policy)2> >&, unsigned long) (alloc_traits.h:436)
==4609==    by 0x41431B: std::__allocated_ptr<std::allocator<std::_Sp_counted_ptr_inplace<inode, std::allocator<inode>, (__gnu_cxx::_Lock_policy)2> > > std::__allocate_guarded<std::allocator<std::_Sp_counted_ptr_inplace<inode, std::allocator<inode>, (__gnu_cxx::_Lock_policy)2> > >(std::allocator<std::_Sp_counted_ptr_inplace<inode, std::allocator<inode>, (__gnu_cxx::_Lock_policy)2> >&) (allocated_ptr.h:104)
==4609==    by 0x413785: std::__shared_count<(__gnu_cxx::_Lock_policy)2>::__shared_count<inode, std::allocator<inode>, file_type>(std::_Sp_make_shared_tag, inode*, std::allocator<inode> const&, file_type&&) (shared_ptr_base.h:635)
==4609==    by 0x4125A3: std::__shared_ptr<inode, (__gnu_cxx::_Lock_policy)2>::__shared_ptr<std::allocator<inode>, file_type>(std::_Sp_make_shared_tag, std::allocator<inode> const&, file_type&&) (shared_ptr_base.h:1295)
==4609==    by 0x4110B6: std::shared_ptr<inode>::shared_ptr<std::allocator<inode>, file_type>(std::_Sp_make_shared_tag, std::allocator<inode> const&, file_type&&) (shared_ptr.h:344)
==4609==    by 0x40FB04: std::shared_ptr<inode> std::allocate_shared<inode, std::allocator<inode>, file_type>(std::allocator<inode> const&, file_type&&) (shared_ptr.h:691)
==4609==    by 0x40EA6A: std::shared_ptr<inode> std::make_shared<inode, file_type>(file_type&&) (shared_ptr.h:707)
==4609==    by 0x40BF7F: inode_state::inode_state() (file_sys.cpp:37)
==4609==    by 0x417798: main (main.cpp:50)
==4609== 
==4609== LEAK SUMMARY:
==4609==    definitely lost: 72 bytes in 1 blocks
==4609==    indirectly lost: 1,677 bytes in 44 blocks
==4609==      possibly lost: 0 bytes in 0 blocks
==4609==    still reachable: 0 bytes in 0 blocks
==4609==         suppressed: 0 bytes in 0 blocks
==4609== 
==4609== For counts of detected and suppressed errors, rerun with: -v
==4609== ERROR SUMMARY: 1 errors from 1 contexts (suppressed: 0 from 0)
